<?xml version="1.0" encoding="UTF-8"?>
<coverage generated="1640196872234" clover="3.2.0">
  <project timestamp="1640196872234" name="All files">
    <metrics statements="30" coveredstatements="30" conditionals="10" coveredconditionals="10" methods="2" coveredmethods="2" elements="42" coveredelements="42" complexity="0" loc="30" ncloc="30" packages="1" files="1" classes="1"/>
    <file name="mergeSort.js" path="/home/leoadmin/algos/util/mergeSort.js">
      <metrics statements="30" coveredstatements="30" conditionals="10" coveredconditionals="10" methods="2" coveredmethods="2"/>
      <line num="1" count="1" type="stmt"/>
      <line num="2" count="1" type="stmt"/>
      <line num="3" count="1" type="stmt"/>
      <line num="4" count="1" type="stmt"/>
      <line num="5" count="1" type="cond" truecount="1" falsecount="0"/>
      <line num="6" count="170" type="cond" truecount="2" falsecount="0"/>
      <line num="7" count="72" type="stmt"/>
      <line num="8" count="72" type="stmt"/>
      <line num="9" count="72" type="stmt"/>
      <line num="10" count="72" type="stmt"/>
      <line num="11" count="72" type="stmt"/>
      <line num="12" count="1" type="stmt"/>
      <line num="13" count="1" type="cond" truecount="1" falsecount="0"/>
      <line num="14" count="72" type="stmt"/>
      <line num="15" count="72" type="stmt"/>
      <line num="16" count="72" type="stmt"/>
      <line num="17" count="72" type="cond" truecount="2" falsecount="0"/>
      <line num="18" count="118" type="cond" truecount="2" falsecount="0"/>
      <line num="19" count="118" type="stmt"/>
      <line num="20" count="118" type="stmt"/>
      <line num="21" count="72" type="cond" truecount="1" falsecount="0"/>
      <line num="22" count="52" type="stmt"/>
      <line num="23" count="52" type="stmt"/>
      <line num="24" count="72" type="cond" truecount="1" falsecount="0"/>
      <line num="25" count="38" type="stmt"/>
      <line num="26" count="38" type="stmt"/>
      <line num="27" count="72" type="stmt"/>
      <line num="28" count="72" type="stmt"/>
      <line num="29" count="1" type="stmt"/>
      <line num="30" count="1" type="stmt"/>
    </file>
  </project>
</coverage>
