TN:
SF:leetcode/23.MergekSortedLists.js
FN:1,ListNode
FN:13,mergeKLists
FN:24,addMinNodesToHead
FN:71,allNodesNull
FNF:4
FNH:4
FNDA:8,ListNode
FNDA:4,mergeKLists
FNDA:4,addMinNodesToHead
FNDA:4,allNodesNull
DA:1,8
DA:2,8
DA:3,8
DA:4,8
DA:5,1
DA:6,1
DA:7,1
DA:8,1
DA:9,1
DA:10,1
DA:11,1
DA:12,1
DA:13,1
DA:14,4
DA:15,4
DA:16,4
DA:17,4
DA:18,4
DA:19,4
DA:20,4
DA:21,4
DA:22,4
DA:23,4
DA:24,4
DA:25,4
DA:26,4
DA:27,2
DA:28,2
DA:29,2
DA:30,2
DA:31,2
DA:32,2
DA:33,2
DA:34,0
DA:35,0
DA:36,0
DA:37,0
DA:38,0
DA:39,0
DA:40,0
DA:41,0
DA:42,0
DA:43,0
DA:44,0
DA:45,0
DA:46,0
DA:47,0
DA:48,0
DA:49,0
DA:50,0
DA:51,0
DA:52,0
DA:53,0
DA:54,0
DA:55,0
DA:56,0
DA:57,0
DA:58,0
DA:59,0
DA:60,4
DA:61,4
DA:62,4
DA:63,4
DA:64,1
DA:65,1
DA:66,1
DA:67,1
DA:68,1
DA:69,1
DA:70,1
DA:71,4
DA:72,4
DA:73,3
DA:74,3
DA:75,2
DA:76,2
DA:77,1
DA:78,1
DA:79,1
DA:80,1
DA:81,1
DA:82,1
DA:83,1
DA:84,1
DA:85,1
DA:86,1
DA:87,1
DA:88,1
DA:89,1
DA:90,1
DA:91,1
DA:92,1
DA:93,1
DA:94,1
DA:95,1
DA:96,1
DA:97,1
DA:98,1
DA:99,1
DA:100,1
DA:101,1
DA:102,1
DA:103,1
DA:104,1
DA:105,1
DA:106,1
DA:107,1
DA:108,1
DA:109,1
DA:110,1
DA:111,1
DA:112,1
DA:113,1
LF:113
LH:87
BRDA:1,0,0,8
BRDA:2,1,0,0
BRDA:3,2,0,0
BRDA:13,3,0,4
BRDA:24,4,0,4
BRDA:26,5,0,2
BRDA:34,6,0,0
BRDA:71,7,0,4
BRDA:72,8,0,3
BRDA:73,9,0,2
BRDA:75,10,0,2
BRF:11
BRH:8
end_of_record
