TN:
SF:util/mergeSort.js
FN:5,mergeSort
FN:13,merge
FNF:2
FNH:2
FNDA:170,mergeSort
FNDA:72,merge
DA:1,1
DA:2,1
DA:3,1
DA:4,1
DA:5,1
DA:6,170
DA:7,72
DA:8,72
DA:9,72
DA:10,72
DA:11,72
DA:12,1
DA:13,1
DA:14,72
DA:15,72
DA:16,72
DA:17,72
DA:18,118
DA:19,118
DA:20,118
DA:21,72
DA:22,52
DA:23,52
DA:24,72
DA:25,38
DA:26,38
DA:27,72
DA:28,72
DA:29,1
DA:30,1
LF:30
LH:30
BRDA:5,0,0,170
BRDA:6,1,0,98
BRDA:6,2,0,72
BRDA:13,3,0,72
BRDA:17,4,0,162
BRDA:17,5,0,118
BRDA:18,6,0,42
BRDA:18,7,0,76
BRDA:21,8,0,52
BRDA:24,9,0,38
BRF:10
BRH:10
end_of_record
